2017-06-20T02:26:29.995Z - info: Read package.json
2017-06-20T02:26:30.000Z - info: _: 
2017-06-20T02:26:30.000Z - info: silent: false
2017-06-20T02:26:30.000Z - info: update: false
2017-06-20T02:26:30.000Z - info: rollback: false
2017-06-20T02:26:30.000Z - info: uninstall: false
2017-06-20T02:26:30.000Z - info: noshortcut: false
2017-06-20T02:26:30.000Z - info: forceInstall: false
2017-06-20T02:26:30.000Z - info: calledByCheckupdate: false
2017-06-20T02:26:30.000Z - info: rerun: false
2017-06-20T02:26:30.635Z - info: Cannot Read InstallInfo.json
2017-06-20T02:26:30.636Z - info: Use installDir from the default value
2017-06-20T02:26:30.637Z - info: [CheckPrerequisite] Start:
2017-06-20T02:26:30.638Z - info: root = C:
2017-06-20T02:26:30.905Z - info: free: 154300440576
2017-06-20T02:26:30.905Z - info: requriedSpace: 1073741824
2017-06-20T02:26:30.905Z - info: [CheckPrerequisite] End:
2017-06-20T02:26:30.905Z - info: [CopyFile] Start:
2017-06-20T02:26:31.141Z - info: [CopyFile] End:
2017-06-20T02:26:31.141Z - info: [InstallWindowsShortcut] Start:
2017-06-20T02:26:31.378Z - info: [InstallWindowsShortcut] End:
2017-06-20T02:26:31.378Z - info: [InstallWindowsARP] Start:
2017-06-20T02:26:31.384Z - info: Package size is : 171739 MB
2017-06-20T02:26:31.394Z - info: Installer: Installing registry
2017-06-20T02:26:31.656Z - info: ARPManager: Register keys complete.
2017-06-20T02:26:31.656Z - info: [InstallWindowsARP] End:
2017-06-20T02:26:32.160Z - info: Launch...
2017-06-20T02:26:32.160Z - info: programPath: C:\Users\U6062678\AppData\Local\Eikon Light\EikonLight.exe
2017-06-20T02:26:32.160Z - info: installPath: C:\Users\U6062678\AppData\Local\Eikon Light
